[23:10:35] [ServerMain/WARN]: Did not find udev library in operating system. Some features may not work.
[23:10:42] [ServerMain/INFO]: Environment: Environment[sessionHost=https://sessionserver.mojang.com, servicesHost=https://api.minecraftservices.com, name=PROD]
[23:10:48] [ServerMain/INFO]: Loaded 1175 recipes
[23:10:49] [ServerMain/INFO]: Loaded 1276 advancements
[23:10:51] [Server thread/INFO]: Starting minecraft server version 1.20.6
[23:10:51] [Server thread/INFO]: Loading properties
[23:10:51] [Server thread/INFO]: Default game type: SURVIVAL
[23:10:51] [Server thread/INFO]: Generating keypair
[23:10:51] [Server thread/INFO]: Starting Minecraft server on *:25565
[23:10:51] [Server thread/INFO]: Using epoll channel type
[23:10:52] [Server thread/INFO]: Preparing level "world"
[23:10:58] [Server thread/INFO]: Preparing start region for dimension minecraft:overworld
[23:11:01] [Worker-Main-2/INFO]: Preparing spawn area: 0%
[23:11:01] [Worker-Main-1/INFO]: Preparing spawn area: 0%
[23:11:01] [Worker-Main-2/INFO]: Preparing spawn area: 0%
[23:11:01] [Worker-Main-2/INFO]: Preparing spawn area: 0%
[23:11:01] [Worker-Main-1/INFO]: Preparing spawn area: 0%
[23:11:01] [Worker-Main-1/INFO]: Preparing spawn area: 0%
[23:11:01] [Worker-Main-2/INFO]: Preparing spawn area: 0%
[23:11:01] [Worker-Main-2/INFO]: Preparing spawn area: 0%
[23:11:02] [Worker-Main-2/INFO]: Preparing spawn area: 0%
[23:11:02] [Worker-Main-2/INFO]: Preparing spawn area: 75%
[23:11:02] [Server thread/INFO]: Time elapsed: 4667 ms
[23:11:02] [Server thread/INFO]: Done (10.354s)! For help, type "help"
[23:11:08] [Server thread/INFO]: Mr0reo12 (/172.22.0.1:42684) lost connection: Disconnected
[23:11:09] [Server thread/INFO]: Mr0reo12 (/172.22.0.1:42686) lost connection: Disconnected
